<?xml version="1.0" encoding="UTF-8"?>
<!-- Generated by org.testng.reporters.JUnitReportReporter -->
<testsuite hostname="Ashoks-MacBook-Air.local" failures="0" tests="1" name="pac1.LAB8_3JUNIT" time="7.412" errors="0" timestamp="2025-08-26T12:36:36 IST" skipped="0">
  <testcase classname="pac1.LAB8_3JUNIT" name="lab_3" time="7.412"/>
  <system-out/>
</testsuite> <!-- pac1.LAB8_3JUNIT -->
