<?xml version="1.0" encoding="UTF-8"?>
<!-- Generated by org.testng.reporters.JUnitReportReporter -->
<testsuite hostname="Ashoks-MacBook-Air.local" failures="0" tests="1" name="pac1.TC_SCREENSHOT" time="13.467" errors="0" timestamp="2025-08-29T10:40:58 IST" skipped="0">
  <testcase classname="pac1.TC_SCREENSHOT" name="screenshottest" time="13.467"/>
  <system-out/>
</testsuite> <!-- pac1.TC_SCREENSHOT -->
