<?xml version="1.0" encoding="UTF-8"?>
<!-- Generated by org.testng.reporters.JUnitReportReporter -->
<testsuite hostname="Ashoks-MacBook-Air.local" failures="0" tests="2" name="pac1.NewTest" time="0.011" errors="0" timestamp="2025-08-26T10:12:38 IST" skipped="0">
  <testcase classname="pac1.NewTest" name="f" time="0.002"/>
  <system-out/>
  <testcase classname="pac1.NewTest" name="f" time="0.009"/>
  <system-out/>
</testsuite> <!-- pac1.NewTest -->
