<?xml version="1.0" encoding="UTF-8"?>
<!-- Generated by org.testng.reporters.JUnitReportReporter -->
<testsuite hostname="Ashoks-MacBook-Air.local" failures="0" tests="1" name="pac1.LAB8_4SELENIUM" time="5.336" errors="0" timestamp="2025-08-26T12:38:22 IST" skipped="0">
  <testcase classname="pac1.LAB8_4SELENIUM" name="lab_4" time="5.336"/>
  <system-out/>
</testsuite> <!-- pac1.LAB8_4SELENIUM -->
