<?xml version="1.0" encoding="UTF-8"?>
<!-- Generated by org.testng.reporters.JUnitReportReporter -->
<testsuite hostname="Ashoks-MacBook-Air.local" failures="0" tests="1" name="pac1.TC009_TESTNG" time="6.504" errors="0" timestamp="2025-08-28T10:57:03 IST" skipped="0">
  <testcase classname="pac1.TC009_TESTNG" name="f" time="6.504"/>
  <system-out/>
</testsuite> <!-- pac1.TC009_TESTNG -->
